2025-12-02 08:19:30,843 INFO o.a.j.u.JMeterUtils: Setting Locale to en_EN
2025-12-02 08:19:30,882 INFO o.a.j.JMeter: Loading user properties from: /Users/priyanshukumarsaw/Documents/Chubb/Basics/apache-jmeter-5.6.3/bin/user.properties
2025-12-02 08:19:30,883 INFO o.a.j.JMeter: Loading system properties from: /Users/priyanshukumarsaw/Documents/Chubb/Basics/apache-jmeter-5.6.3/bin/system.properties
2025-12-02 08:19:30,897 INFO o.a.j.JMeter: Copyright (c) 1998-2024 The Apache Software Foundation
2025-12-02 08:19:30,897 INFO o.a.j.JMeter: Version 5.6.3
2025-12-02 08:19:30,897 INFO o.a.j.JMeter: java.version=17.0.10
2025-12-02 08:19:30,897 INFO o.a.j.JMeter: java.vm.name=OpenJDK 64-Bit Server VM
2025-12-02 08:19:30,897 INFO o.a.j.JMeter: os.name=Mac OS X
2025-12-02 08:19:30,898 INFO o.a.j.JMeter: os.arch=x86_64
2025-12-02 08:19:30,898 INFO o.a.j.JMeter: os.version=26.1
2025-12-02 08:19:30,898 INFO o.a.j.JMeter: file.encoding=UTF-8
2025-12-02 08:19:30,898 INFO o.a.j.JMeter: java.awt.headless=true
2025-12-02 08:19:30,898 INFO o.a.j.JMeter: Max memory     =1073741824
2025-12-02 08:19:30,898 INFO o.a.j.JMeter: Available Processors =8
2025-12-02 08:19:30,908 INFO o.a.j.JMeter: Default Locale=English (EN)
2025-12-02 08:19:30,908 INFO o.a.j.JMeter: JMeter  Locale=English (EN)
2025-12-02 08:19:30,908 INFO o.a.j.JMeter: JMeterHome=/Users/priyanshukumarsaw/Documents/Chubb/Basics/apache-jmeter-5.6.3
2025-12-02 08:19:30,908 INFO o.a.j.JMeter: user.dir  =/Users/priyanshukumarsaw/Documents/Chubb/flightMicroservice
2025-12-02 08:19:30,909 INFO o.a.j.JMeter: PWD       =/Users/priyanshukumarsaw/Documents/Chubb/flightMicroservice
2025-12-02 08:19:30,912 INFO o.a.j.JMeter: IP: 127.0.0.1 Name: HIMANSHUs-MacBook-Air-2.local FullName: localhost
2025-12-02 08:19:30,932 INFO o.a.j.s.FileServer: Default base='/Users/priyanshukumarsaw/Documents/Chubb/flightMicroservice'
2025-12-02 08:19:30,937 INFO o.a.j.s.FileServer: Set new base='/Users/priyanshukumarsaw/Documents/Chubb/flightMicroservice'
2025-12-02 08:19:31,352 INFO o.a.j.s.SaveService: Testplan (JMX) version: 2.2. Testlog (JTL) version: 2.2
2025-12-02 08:19:31,411 INFO o.a.j.s.SaveService: Using SaveService properties version 5.0
2025-12-02 08:19:31,415 INFO o.a.j.s.SaveService: Using SaveService properties file encoding UTF-8
2025-12-02 08:19:31,421 INFO o.a.j.s.SaveService: Loading file: Jmeter20.jmx
2025-12-02 08:19:31,500 INFO o.a.j.p.h.s.HTTPSamplerBase: Parser for text/html is org.apache.jmeter.protocol.http.parser.LagartoBasedHtmlParser
2025-12-02 08:19:31,500 INFO o.a.j.p.h.s.HTTPSamplerBase: Parser for application/xhtml+xml is org.apache.jmeter.protocol.http.parser.LagartoBasedHtmlParser
2025-12-02 08:19:31,500 INFO o.a.j.p.h.s.HTTPSamplerBase: Parser for application/xml is org.apache.jmeter.protocol.http.parser.LagartoBasedHtmlParser
2025-12-02 08:19:31,500 INFO o.a.j.p.h.s.HTTPSamplerBase: Parser for text/xml is org.apache.jmeter.protocol.http.parser.LagartoBasedHtmlParser
2025-12-02 08:19:31,500 INFO o.a.j.p.h.s.HTTPSamplerBase: Parser for text/vnd.wap.wml is org.apache.jmeter.protocol.http.parser.RegexpHTMLParser
2025-12-02 08:19:31,500 INFO o.a.j.p.h.s.HTTPSamplerBase: Parser for text/css is org.apache.jmeter.protocol.http.parser.CssParser
2025-12-02 08:19:31,562 INFO o.a.j.JMeter: Creating summariser <summary>
2025-12-02 08:19:31,589 INFO o.a.j.e.StandardJMeterEngine: Running the test!
2025-12-02 08:19:31,590 INFO o.a.j.s.SampleEvent: List of sample_variables: []
2025-12-02 08:19:31,590 INFO o.a.j.s.SampleEvent: List of sample_variables: []
2025-12-02 08:19:31,595 INFO o.a.j.e.u.CompoundVariable: Note: Function class names must contain the string: '.functions.'
2025-12-02 08:19:31,595 INFO o.a.j.e.u.CompoundVariable: Note: Function class names must not contain the string: '.gui.'
2025-12-02 08:19:31,705 INFO o.a.j.JMeter: Running test (1764643771705)
2025-12-02 08:19:31,746 INFO o.a.j.e.StandardJMeterEngine: Starting ThreadGroup: 1 : Thread Group
2025-12-02 08:19:31,747 INFO o.a.j.e.StandardJMeterEngine: Starting 20 threads for group Thread Group.
2025-12-02 08:19:31,747 INFO o.a.j.e.StandardJMeterEngine: Thread will continue on error
2025-12-02 08:19:31,748 INFO o.a.j.t.ThreadGroup: Starting thread group... number=1 threads=20 ramp-up=1 delayedStart=false
2025-12-02 08:19:31,775 INFO o.a.j.t.JMeterThread: Thread started: Thread Group 1-1
2025-12-02 08:19:31,832 INFO o.a.j.t.JMeterThread: Thread started: Thread Group 1-2
2025-12-02 08:19:31,839 INFO o.a.j.p.h.s.HTTPHCAbstractImpl: Local host = HIMANSHUs-MacBook-Air-2.local
2025-12-02 08:19:31,854 INFO o.a.j.p.h.s.HTTPHC4Impl: HTTP request retry count = 0
2025-12-02 08:19:31,859 INFO o.a.j.s.SampleResult: Note: Sample TimeStamps are START times
2025-12-02 08:19:31,860 INFO o.a.j.s.SampleResult: sampleresult.default.encoding is set to UTF-8
2025-12-02 08:19:31,860 INFO o.a.j.s.SampleResult: sampleresult.useNanoTime=true
2025-12-02 08:19:31,862 INFO o.a.j.s.SampleResult: sampleresult.nanoThreadSleep=5000
2025-12-02 08:19:31,870 INFO o.a.j.t.JMeterThread: Thread started: Thread Group 1-3
2025-12-02 08:19:31,879 INFO o.a.j.t.ThreadGroup: Started thread group number 1
2025-12-02 08:19:31,879 INFO o.a.j.e.StandardJMeterEngine: All thread groups have been started
2025-12-02 08:19:31,915 INFO o.a.j.t.JMeterThread: Thread started: Thread Group 1-4
2025-12-02 08:19:31,956 INFO o.a.j.t.JMeterThread: Thread started: Thread Group 1-5
2025-12-02 08:19:32,007 INFO o.a.j.t.JMeterThread: Thread started: Thread Group 1-6
2025-12-02 08:19:32,075 INFO o.a.j.t.JMeterThread: Thread started: Thread Group 1-7
2025-12-02 08:19:32,121 INFO o.a.j.t.JMeterThread: Thread started: Thread Group 1-8
2025-12-02 08:19:32,175 INFO o.a.j.t.JMeterThread: Thread started: Thread Group 1-9
2025-12-02 08:19:32,214 INFO o.a.j.t.JMeterThread: Thread started: Thread Group 1-10
2025-12-02 08:19:32,255 INFO o.a.j.t.JMeterThread: Thread started: Thread Group 1-11
2025-12-02 08:19:32,304 INFO o.a.j.t.JMeterThread: Thread started: Thread Group 1-12
2025-12-02 08:19:32,354 INFO o.a.j.t.JMeterThread: Thread started: Thread Group 1-13
2025-12-02 08:19:32,405 INFO o.a.j.t.JMeterThread: Thread started: Thread Group 1-14
2025-12-02 08:19:32,458 INFO o.a.j.t.JMeterThread: Thread started: Thread Group 1-15
2025-12-02 08:19:32,516 INFO o.a.j.t.JMeterThread: Thread started: Thread Group 1-16
2025-12-02 08:19:32,566 INFO o.a.j.t.JMeterThread: Thread started: Thread Group 1-17
2025-12-02 08:19:32,626 INFO o.a.j.t.JMeterThread: Thread started: Thread Group 1-18
2025-12-02 08:19:32,666 INFO o.a.j.t.JMeterThread: Thread started: Thread Group 1-19
2025-12-02 08:19:32,714 INFO o.a.j.t.JMeterThread: Thread started: Thread Group 1-20
2025-12-02 08:19:32,949 INFO o.a.j.r.Summariser: summary +      1 in 00:00:01 =    0.8/s Avg:   931 Min:   931 Max:   931 Err:     0 (0.00%) Active: 20 Started: 20 Finished: 0
2025-12-02 08:19:41,038 INFO o.a.j.t.JMeterThread: Thread is done: Thread Group 1-15
2025-12-02 08:19:41,038 INFO o.a.j.t.JMeterThread: Thread is done: Thread Group 1-7
2025-12-02 08:19:41,034 INFO o.a.j.t.JMeterThread: Thread is done: Thread Group 1-18
2025-12-02 08:19:41,034 INFO o.a.j.t.JMeterThread: Thread is done: Thread Group 1-5
2025-12-02 08:19:41,040 INFO o.a.j.t.JMeterThread: Thread finished: Thread Group 1-15
2025-12-02 08:19:41,040 INFO o.a.j.t.JMeterThread: Thread finished: Thread Group 1-7
2025-12-02 08:19:41,040 INFO o.a.j.t.JMeterThread: Thread finished: Thread Group 1-18
2025-12-02 08:19:41,040 INFO o.a.j.t.JMeterThread: Thread finished: Thread Group 1-5
2025-12-02 08:19:41,046 INFO o.a.j.t.JMeterThread: Thread is done: Thread Group 1-20
2025-12-02 08:19:41,046 INFO o.a.j.t.JMeterThread: Thread is done: Thread Group 1-2
2025-12-02 08:19:41,046 INFO o.a.j.t.JMeterThread: Thread is done: Thread Group 1-6
2025-12-02 08:19:41,062 INFO o.a.j.t.JMeterThread: Thread finished: Thread Group 1-6
2025-12-02 08:19:41,062 INFO o.a.j.t.JMeterThread: Thread finished: Thread Group 1-20
2025-12-02 08:19:41,046 INFO o.a.j.t.JMeterThread: Thread is done: Thread Group 1-11
2025-12-02 08:19:41,064 INFO o.a.j.t.JMeterThread: Thread is done: Thread Group 1-8
2025-12-02 08:19:41,064 INFO o.a.j.t.JMeterThread: Thread is done: Thread Group 1-12
2025-12-02 08:19:41,068 INFO o.a.j.t.JMeterThread: Thread finished: Thread Group 1-8
2025-12-02 08:19:41,068 INFO o.a.j.t.JMeterThread: Thread finished: Thread Group 1-12
2025-12-02 08:19:41,066 INFO o.a.j.t.JMeterThread: Thread is done: Thread Group 1-19
2025-12-02 08:19:41,068 INFO o.a.j.t.JMeterThread: Thread finished: Thread Group 1-19
2025-12-02 08:19:41,068 INFO o.a.j.t.JMeterThread: Thread is done: Thread Group 1-17
2025-12-02 08:19:41,068 INFO o.a.j.t.JMeterThread: Thread finished: Thread Group 1-17
2025-12-02 08:19:41,068 INFO o.a.j.t.JMeterThread: Thread is done: Thread Group 1-14
2025-12-02 08:19:41,068 INFO o.a.j.t.JMeterThread: Thread finished: Thread Group 1-14
2025-12-02 08:19:41,066 INFO o.a.j.t.JMeterThread: Thread is done: Thread Group 1-10
2025-12-02 08:19:41,069 INFO o.a.j.t.JMeterThread: Thread is done: Thread Group 1-9
2025-12-02 08:19:41,066 INFO o.a.j.t.JMeterThread: Thread is done: Thread Group 1-16
2025-12-02 08:19:41,069 INFO o.a.j.t.JMeterThread: Thread finished: Thread Group 1-10
2025-12-02 08:19:41,069 INFO o.a.j.t.JMeterThread: Thread finished: Thread Group 1-9
2025-12-02 08:19:41,069 INFO o.a.j.t.JMeterThread: Thread finished: Thread Group 1-16
2025-12-02 08:19:41,066 INFO o.a.j.t.JMeterThread: Thread is done: Thread Group 1-13
2025-12-02 08:19:41,069 INFO o.a.j.t.JMeterThread: Thread finished: Thread Group 1-13
2025-12-02 08:19:41,070 INFO o.a.j.t.JMeterThread: Thread finished: Thread Group 1-11
2025-12-02 08:19:41,066 INFO o.a.j.t.JMeterThread: Thread is done: Thread Group 1-4
2025-12-02 08:19:41,074 INFO o.a.j.t.JMeterThread: Thread finished: Thread Group 1-4
2025-12-02 08:19:41,065 INFO o.a.j.t.JMeterThread: Thread finished: Thread Group 1-2
2025-12-02 08:19:41,066 INFO o.a.j.t.JMeterThread: Thread is done: Thread Group 1-3
2025-12-02 08:19:41,077 INFO o.a.j.t.JMeterThread: Thread finished: Thread Group 1-3
2025-12-02 08:19:41,089 INFO o.a.j.t.JMeterThread: Thread is done: Thread Group 1-1
2025-12-02 08:19:41,089 INFO o.a.j.t.JMeterThread: Thread finished: Thread Group 1-1
2025-12-02 08:19:41,090 INFO o.a.j.e.StandardJMeterEngine: Notifying test listeners of end of test
2025-12-02 08:19:41,099 INFO o.a.j.r.Summariser: summary +    159 in 00:00:08 =   19.4/s Avg:  1085 Min:    74 Max:  2953 Err:    40 (25.16%) Active: 0 Started: 20 Finished: 20
2025-12-02 08:19:41,100 INFO o.a.j.r.Summariser: summary =    160 in 00:00:09 =   17.0/s Avg:  1084 Min:    74 Max:  2953 Err:    40 (25.00%)
