2025-12-09 01:21:53.827 | Picked up JAVA_TOOL_OPTIONS: -Dspring.config.import=optional:config-server:http://config-server:8888/ -Deureka.client.serviceUrl.defaultZone=http://eureka-server:8761/eureka/ -Deureka.client.register-with-eureka=true -Deureka.client.fetch-registry=true -Deureka.instance.prefer-ip-address=true -Deureka.instance.lease-renewal-interval-in-seconds=5 -Deureka.instance.lease-expiration-duration-in-seconds=10 -Dspring.data.mongodb.uri=mongodb://mongo:27017/flightDB
2025-12-09 01:21:53.827 | 
2025-12-09 01:22:04.992 | 
2025-12-09 01:22:04.992 |   .   ____          _            __ _ _
2025-12-09 01:22:04.992 |  /\\ / ___'_ __ _ _(_)_ __  __ _ \ \ \ \
2025-12-09 01:22:04.992 | ( ( )\___ | '_ | '_| | '_ \/ _` | \ \ \ \
2025-12-09 01:22:04.992 |  \\/  ___)| |_)| | | | | || (_| |  ) ) ) )
2025-12-09 01:22:04.992 |   '  |____| .__|_| |_|_| |_\__, | / / / /
2025-12-09 01:22:04.992 |  =========|_|==============|___/=/_/_/_/
2025-12-09 01:22:04.992 | 
2025-12-09 01:22:04.995 |  :: Spring Boot ::                (v4.0.0)
2025-12-09 01:22:04.995 | 
2025-12-09 01:22:05.404 | 2025-12-08T19:52:05.396Z  INFO 1 --- [flightService] [           main] com.flightApp.FlightServiceApplication   : Starting FlightServiceApplication v0.0.1-SNAPSHOT using Java 17.0.17 with PID 1 (/app/app.jar started by root in /app)
2025-12-09 01:22:05.412 | 2025-12-08T19:52:05.412Z  INFO 1 --- [flightService] [           main] com.flightApp.FlightServiceApplication   : The following 1 profile is active: "docker"
2025-12-09 01:22:05.941 | 2025-12-08T19:52:05.937Z  INFO 1 --- [flightService] [           main] o.s.c.c.c.ConfigServerConfigDataLoader   : Fetching config from server at : http://config-server:8888/
2025-12-09 01:22:05.945 | 2025-12-08T19:52:05.940Z  INFO 1 --- [flightService] [           main] o.s.c.c.c.ConfigServerConfigDataLoader   : Located environment: name=flightService, profiles=[default], label=null, version=4c0ac5814baf5c747f7bdc75825db4b0f252dea5, state=
2025-12-09 01:22:05.949 | 2025-12-08T19:52:05.948Z  INFO 1 --- [flightService] [           main] o.s.c.c.c.ConfigServerConfigDataLoader   : Fetching config from server at : http://config-server:8888/
2025-12-09 01:22:05.949 | 2025-12-08T19:52:05.948Z  INFO 1 --- [flightService] [           main] o.s.c.c.c.ConfigServerConfigDataLoader   : Located environment: name=flightService, profiles=[docker], label=null, version=4c0ac5814baf5c747f7bdc75825db4b0f252dea5, state=
2025-12-09 01:22:16.616 | 2025-12-08T19:52:16.603Z  INFO 1 --- [flightService] [           main] .s.d.r.c.RepositoryConfigurationDelegate : Bootstrapping Spring Data Reactive MongoDB repositories in DEFAULT mode.
2025-12-09 01:22:17.089 | 2025-12-08T19:52:17.088Z  INFO 1 --- [flightService] [           main] .s.d.r.c.RepositoryConfigurationDelegate : Finished Spring Data repository scanning in 432 ms. Found 1 Reactive MongoDB repository interface.
2025-12-09 01:22:17.126 | 2025-12-08T19:52:17.126Z  INFO 1 --- [flightService] [           main] .s.d.r.c.RepositoryConfigurationDelegate : Bootstrapping Spring Data MongoDB repositories in DEFAULT mode.
2025-12-09 01:22:17.142 | 2025-12-08T19:52:17.141Z  INFO 1 --- [flightService] [           main] .s.d.r.c.RepositoryConfigurationDelegate : Finished Spring Data repository scanning in 9 ms. Found 0 MongoDB repository interfaces.
2025-12-09 01:22:17.897 | 2025-12-08T19:52:17.865Z  INFO 1 --- [flightService] [           main] o.s.cloud.context.scope.GenericScope     : BeanFactory id=7fcab436-1e40-3afa-b569-cd4368c4f82a
2025-12-09 01:22:20.869 | 2025-12-08T19:52:20.868Z  INFO 1 --- [flightService] [           main] org.mongodb.driver.client                : MongoClient with metadata {"driver": {"name": "mongo-java-driver|spring-boot|reactive-streams", "version": "5.6.1"}, "os": {"type": "Linux", "name": "Linux", "architecture": "aarch64", "version": "6.12.54-linuxkit"}, "platform": "Java/Amazon.com Inc./17.0.17+10-LTS", "env": {"container": {"runtime": "docker"}}} created with settings MongoClientSettings{readPreference=primary, writeConcern=WriteConcern{w=null, wTimeout=null ms, journal=null}, retryWrites=true, retryReads=true, readConcern=ReadConcern{level=null}, credential=null, transportSettings=NettyTransportSettings{eventLoopGroup=io.netty.channel.MultiThreadIoEventLoopGroup@8f2e3e6, socketChannelClass=null, allocator=null, sslContext=null}, commandListeners=[], codecRegistry=ProvidersCodecRegistry{codecProviders=[ValueCodecProvider{}, BsonValueCodecProvider{}, DBRefCodecProvider{}, DBObjectCodecProvider{}, DocumentCodecProvider{}, CollectionCodecProvider{}, IterableCodecProvider{}, MapCodecProvider{}, GeoJsonCodecProvider{}, GridFSFileCodecProvider{}, Jsr310CodecProvider{}, JsonObjectCodecProvider{}, BsonCodecProvider{}, com.mongodb.client.model.mql.ExpressionCodecProvider@6f315b08, com.mongodb.Jep395RecordCodecProvider@6c8efde4, com.mongodb.KotlinCodecProvider@24e5389c, EnumCodecProvider{}]}, loggerSettings=LoggerSettings{maxDocumentLength=1000}, clusterSettings={hosts=[mongo:27017], srvServiceName=mongodb, mode=SINGLE, requiredClusterType=UNKNOWN, requiredReplicaSetName='null', serverSelector='null', clusterListeners='[]', serverSelectionTimeout='30000 ms', localThreshold='15 ms'}, socketSettings=SocketSettings{connectTimeoutMS=10000, readTimeoutMS=0, receiveBufferSize=0, proxySettings=ProxySettings{host=null, port=null, username=null, password=null}}, heartbeatSocketSettings=SocketSettings{connectTimeoutMS=10000, readTimeoutMS=10000, receiveBufferSize=0, proxySettings=ProxySettings{host=null, port=null, username=null, password=null}}, connectionPoolSettings=ConnectionPoolSettings{maxSize=100, minSize=0, maxWaitTimeMS=120000, maxConnectionLifeTimeMS=0, maxConnectionIdleTimeMS=0, maintenanceInitialDelayMS=0, maintenanceFrequencyMS=60000, connectionPoolListeners=[], maxConnecting=2}, serverSettings=ServerSettings{heartbeatFrequencyMS=10000, minHeartbeatFrequencyMS=500, serverMonitoringMode=AUTO, serverListeners='[]', serverMonitorListeners='[]'}, sslSettings=SslSettings{enabled=false, invalidHostNameAllowed=false, context=null}, applicationName='null', compressorList=[], uuidRepresentation=UNSPECIFIED, serverApi=null, autoEncryptionSettings=null, dnsClient=null, inetAddressResolver=null, contextProvider=null, timeoutMS=null}
2025-12-09 01:22:22.152 | 2025-12-08T19:52:22.142Z  INFO 1 --- [flightService] [l'}-mongo:27017] org.mongodb.driver.cluster               : Monitor thread successfully connected to server with description ServerDescription{address=mongo:27017, type=STANDALONE, cryptd=false, state=CONNECTED, ok=true, minWireVersion=0, maxWireVersion=27, maxDocumentSize=16777216, logicalSessionTimeoutMinutes=30, roundTripTimeNanos=921945459, minRoundTripTimeNanos=0}
2025-12-09 01:22:22.648 | 2025-12-08T19:52:22.648Z  INFO 1 --- [flightService] [           main] org.mongodb.driver.client                : MongoClient with metadata {"driver": {"name": "mongo-java-driver|spring-boot|sync", "version": "5.6.1"}, "os": {"type": "Linux", "name": "Linux", "architecture": "aarch64", "version": "6.12.54-linuxkit"}, "platform": "Java/Amazon.com Inc./17.0.17+10-LTS", "env": {"container": {"runtime": "docker"}}} created with settings MongoClientSettings{readPreference=primary, writeConcern=WriteConcern{w=null, wTimeout=null ms, journal=null}, retryWrites=true, retryReads=true, readConcern=ReadConcern{level=null}, credential=null, transportSettings=NettyTransportSettings{eventLoopGroup=io.netty.channel.MultiThreadIoEventLoopGroup@30eedaa4, socketChannelClass=null, allocator=null, sslContext=null}, commandListeners=[], codecRegistry=ProvidersCodecRegistry{codecProviders=[ValueCodecProvider{}, BsonValueCodecProvider{}, DBRefCodecProvider{}, DBObjectCodecProvider{}, DocumentCodecProvider{}, CollectionCodecProvider{}, IterableCodecProvider{}, MapCodecProvider{}, GeoJsonCodecProvider{}, GridFSFileCodecProvider{}, Jsr310CodecProvider{}, JsonObjectCodecProvider{}, BsonCodecProvider{}, com.mongodb.client.model.mql.ExpressionCodecProvider@6f315b08, com.mongodb.Jep395RecordCodecProvider@6c8efde4, com.mongodb.KotlinCodecProvider@24e5389c, EnumCodecProvider{}]}, loggerSettings=LoggerSettings{maxDocumentLength=1000}, clusterSettings={hosts=[mongo:27017], srvServiceName=mongodb, mode=SINGLE, requiredClusterType=UNKNOWN, requiredReplicaSetName='null', serverSelector='null', clusterListeners='[]', serverSelectionTimeout='30000 ms', localThreshold='15 ms'}, socketSettings=SocketSettings{connectTimeoutMS=10000, readTimeoutMS=0, receiveBufferSize=0, proxySettings=ProxySettings{host=null, port=null, username=null, password=null}}, heartbeatSocketSettings=SocketSettings{connectTimeoutMS=10000, readTimeoutMS=10000, receiveBufferSize=0, proxySettings=ProxySettings{host=null, port=null, username=null, password=null}}, connectionPoolSettings=ConnectionPoolSettings{maxSize=100, minSize=0, maxWaitTimeMS=120000, maxConnectionLifeTimeMS=0, maxConnectionIdleTimeMS=0, maintenanceInitialDelayMS=0, maintenanceFrequencyMS=60000, connectionPoolListeners=[], maxConnecting=2}, serverSettings=ServerSettings{heartbeatFrequencyMS=10000, minHeartbeatFrequencyMS=500, serverMonitoringMode=AUTO, serverListeners='[]', serverMonitorListeners='[]'}, sslSettings=SslSettings{enabled=false, invalidHostNameAllowed=false, context=null}, applicationName='null', compressorList=[], uuidRepresentation=UNSPECIFIED, serverApi=null, autoEncryptionSettings=null, dnsClient=null, inetAddressResolver=null, contextProvider=null, timeoutMS=null}
2025-12-09 01:22:22.654 | 2025-12-08T19:52:22.653Z  INFO 1 --- [flightService] [l'}-mongo:27017] org.mongodb.driver.cluster               : Monitor thread successfully connected to server with description ServerDescription{address=mongo:27017, type=STANDALONE, cryptd=false, state=CONNECTED, ok=true, minWireVersion=0, maxWireVersion=27, maxDocumentSize=16777216, logicalSessionTimeoutMinutes=30, roundTripTimeNanos=20082209, minRoundTripTimeNanos=0}
2025-12-09 01:22:25.747 | 2025-12-08T19:52:25.746Z  INFO 1 --- [flightService] [           main] DiscoveryClientOptionalArgsConfiguration : Eureka HTTP Client uses RestClient.
2025-12-09 01:22:25.960 | 2025-12-08T19:52:25.959Z  WARN 1 --- [flightService] [           main] iguration$LoadBalancerCaffeineWarnLogger : Spring Cloud LoadBalancer is currently working with the default cache. While this cache implementation is useful for development and tests, it's recommended to use Caffeine cache in production.You can switch to using Caffeine cache, by adding it and org.springframework.cache.caffeine.CaffeineCacheManager to the classpath.
2025-12-09 01:22:26.077 | 2025-12-08T19:52:26.075Z  INFO 1 --- [flightService] [           main] o.s.c.n.eureka.InstanceInfoFactory       : Setting initial instance status as: STARTING
2025-12-09 01:22:26.189 | 2025-12-08T19:52:26.188Z  INFO 1 --- [flightService] [           main] com.netflix.discovery.DiscoveryClient    : Initializing Eureka in region us-east-1
2025-12-09 01:22:26.196 | 2025-12-08T19:52:26.195Z  INFO 1 --- [flightService] [           main] c.n.d.s.r.aws.ConfigClusterResolver      : Resolving eureka endpoints via configuration
2025-12-09 01:22:26.215 | 2025-12-08T19:52:26.215Z  INFO 1 --- [flightService] [           main] com.netflix.discovery.DiscoveryClient    : Disable delta property : false
2025-12-09 01:22:26.215 | 2025-12-08T19:52:26.215Z  INFO 1 --- [flightService] [           main] com.netflix.discovery.DiscoveryClient    : Single vip registry refresh property : null
2025-12-09 01:22:26.215 | 2025-12-08T19:52:26.215Z  INFO 1 --- [flightService] [           main] com.netflix.discovery.DiscoveryClient    : Force full registry fetch : false
2025-12-09 01:22:26.215 | 2025-12-08T19:52:26.215Z  INFO 1 --- [flightService] [           main] com.netflix.discovery.DiscoveryClient    : Application is null : false
2025-12-09 01:22:26.215 | 2025-12-08T19:52:26.215Z  INFO 1 --- [flightService] [           main] com.netflix.discovery.DiscoveryClient    : Registered Applications size is zero : true
2025-12-09 01:22:26.215 | 2025-12-08T19:52:26.215Z  INFO 1 --- [flightService] [           main] com.netflix.discovery.DiscoveryClient    : Application version is -1: true
2025-12-09 01:22:26.215 | 2025-12-08T19:52:26.215Z  INFO 1 --- [flightService] [           main] com.netflix.discovery.DiscoveryClient    : Getting all instance registry info from the eureka server
2025-12-09 01:22:27.522 | 2025-12-08T19:52:27.520Z  INFO 1 --- [flightService] [           main] com.netflix.discovery.DiscoveryClient    : The response status is 200
2025-12-09 01:22:27.527 | 2025-12-08T19:52:27.526Z  INFO 1 --- [flightService] [           main] com.netflix.discovery.DiscoveryClient    : Starting heartbeat executor: renew interval is: 5
2025-12-09 01:22:27.544 | 2025-12-08T19:52:27.536Z  INFO 1 --- [flightService] [           main] c.n.discovery.InstanceInfoReplicator     : InstanceInfoReplicator onDemand update allowed rate per min is 4
2025-12-09 01:22:27.571 | 2025-12-08T19:52:27.569Z  INFO 1 --- [flightService] [           main] com.netflix.discovery.DiscoveryClient    : Discovery Client initialized at timestamp 1765223547566 with initial instances count: 0
2025-12-09 01:22:27.605 | 2025-12-08T19:52:27.605Z  INFO 1 --- [flightService] [           main] o.s.c.n.e.s.EurekaServiceRegistry        : Registering application FLIGHTSERVICE with eureka with status UP
2025-12-09 01:22:27.615 | 2025-12-08T19:52:27.611Z  INFO 1 --- [flightService] [           main] com.netflix.discovery.DiscoveryClient    : Saw local status change event StatusChangeEvent [timestamp=1765223547611, current=UP, previous=STARTING]
2025-12-09 01:22:27.615 | 2025-12-08T19:52:27.614Z  INFO 1 --- [flightService] [foReplicator-%d] com.netflix.discovery.DiscoveryClient    : DiscoveryClient_FLIGHTSERVICE/d25017c67697:flightService:7070: registering service...
2025-12-09 01:22:28.106 | 2025-12-08T19:52:28.103Z  INFO 1 --- [flightService] [           main] o.s.boot.reactor.netty.NettyWebServer    : Netty started on port 7070 (http)
2025-12-09 01:22:28.229 | 2025-12-08T19:52:28.206Z  INFO 1 --- [flightService] [           main] .s.c.n.e.s.EurekaAutoServiceRegistration : Updating port to 7070
2025-12-09 01:22:28.661 | 2025-12-08T19:52:28.659Z  INFO 1 --- [flightService] [           main] com.flightApp.FlightServiceApplication   : Started FlightServiceApplication in 30.794 seconds (process running for 34.827)
2025-12-09 01:22:28.771 | 2025-12-08T19:52:28.766Z  INFO 1 --- [flightService] [foReplicator-%d] com.netflix.discovery.DiscoveryClient    : DiscoveryClient_FLIGHTSERVICE/d25017c67697:flightService:7070 - registration status: 204
2025-12-09 01:22:57.538 | 2025-12-08T19:52:57.525Z  INFO 1 --- [flightService] [reshExecutor-%d] com.netflix.discovery.DiscoveryClient    : Disable delta property : false
2025-12-09 01:22:57.538 | 2025-12-08T19:52:57.537Z  INFO 1 --- [flightService] [reshExecutor-%d] com.netflix.discovery.DiscoveryClient    : Single vip registry refresh property : null
2025-12-09 01:22:57.538 | 2025-12-08T19:52:57.538Z  INFO 1 --- [flightService] [reshExecutor-%d] com.netflix.discovery.DiscoveryClient    : Force full registry fetch : false
2025-12-09 01:22:57.538 | 2025-12-08T19:52:57.538Z  INFO 1 --- [flightService] [reshExecutor-%d] com.netflix.discovery.DiscoveryClient    : Application is null : false
2025-12-09 01:22:57.538 | 2025-12-08T19:52:57.538Z  INFO 1 --- [flightService] [reshExecutor-%d] com.netflix.discovery.DiscoveryClient    : Registered Applications size is zero : true
2025-12-09 01:22:57.538 | 2025-12-08T19:52:57.538Z  INFO 1 --- [flightService] [reshExecutor-%d] com.netflix.discovery.DiscoveryClient    : Application version is -1: false
2025-12-09 01:22:57.538 | 2025-12-08T19:52:57.538Z  INFO 1 --- [flightService] [reshExecutor-%d] com.netflix.discovery.DiscoveryClient    : Getting all instance registry info from the eureka server
2025-12-09 01:22:57.697 | 2025-12-08T19:52:57.697Z  INFO 1 --- [flightService] [reshExecutor-%d] com.netflix.discovery.DiscoveryClient    : The response status is 200
2025-12-09 01:27:26.194 | 2025-12-08T19:57:26.185Z  INFO 1 --- [flightService] [rap-executor-%d] c.n.d.s.r.aws.ConfigClusterResolver      : Resolving eureka endpoints via configuration
2025-12-09 01:32:26.216 | 2025-12-08T20:02:26.208Z  INFO 1 --- [flightService] [rap-executor-%d] c.n.d.s.r.aws.ConfigClusterResolver      : Resolving eureka endpoints via configuration
2025-12-09 01:37:26.222 | 2025-12-08T20:07:26.216Z  INFO 1 --- [flightService] [rap-executor-%d] c.n.d.s.r.aws.ConfigClusterResolver      : Resolving eureka endpoints via configuration
2025-12-09 01:42:26.245 | 2025-12-08T20:12:26.218Z  INFO 1 --- [flightService] [rap-executor-%d] c.n.d.s.r.aws.ConfigClusterResolver      : Resolving eureka endpoints via configuration
2025-12-09 01:47:26.270 | 2025-12-08T20:17:26.248Z  INFO 1 --- [flightService] [rap-executor-%d] c.n.d.s.r.aws.ConfigClusterResolver      : Resolving eureka endpoints via configuration