2025-12-09 01:21:53.737 | Picked up JAVA_TOOL_OPTIONS: -Dspring.profiles.active=docker -Deureka.client.serviceUrl.defaultZone=http://eureka-server:8761/eureka/ -Deureka.instance.prefer-ip-address=true
2025-12-09 01:21:53.737 | 
2025-12-09 01:21:58.705 | 
2025-12-09 01:21:58.705 |   .   ____          _            __ _ _
2025-12-09 01:21:58.705 |  /\\ / ___'_ __ _ _(_)_ __  __ _ \ \ \ \
2025-12-09 01:21:58.705 | ( ( )\___ | '_ | '_| | '_ \/ _` | \ \ \ \
2025-12-09 01:21:58.705 |  \\/  ___)| |_)| | | | | || (_| |  ) ) ) )
2025-12-09 01:21:58.705 |   '  |____| .__|_| |_|_| |_\__, | / / / /
2025-12-09 01:21:58.705 |  =========|_|==============|___/=/_/_/_/
2025-12-09 01:21:58.705 | 
2025-12-09 01:21:58.711 |  :: Spring Boot ::                (v3.5.8)
2025-12-09 01:21:58.711 | 
2025-12-09 01:21:59.198 | 2025-12-08T19:51:59.172Z  INFO 1 --- [securityService] [           main] c.flightApp.SecurityServiceApplication   : Starting SecurityServiceApplication v0.0.1-SNAPSHOT using Java 17.0.17 with PID 1 (/app/app.jar started by root in /app)
2025-12-09 01:21:59.201 | 2025-12-08T19:51:59.201Z  INFO 1 --- [securityService] [           main] c.flightApp.SecurityServiceApplication   : The following 1 profile is active: "docker"
2025-12-09 01:22:05.292 | 2025-12-08T19:52:05.291Z  INFO 1 --- [securityService] [           main] .s.d.r.c.RepositoryConfigurationDelegate : Bootstrapping Spring Data MongoDB repositories in DEFAULT mode.
2025-12-09 01:22:05.777 | 2025-12-08T19:52:05.735Z  INFO 1 --- [securityService] [           main] .s.d.r.c.RepositoryConfigurationDelegate : Finished Spring Data repository scanning in 409 ms. Found 1 MongoDB repository interface.
2025-12-09 01:22:11.444 | 2025-12-08T19:52:11.443Z  INFO 1 --- [securityService] [           main] o.s.cloud.context.scope.GenericScope     : BeanFactory id=24cc1b11-588d-3458-bd40-c481b6d01169
2025-12-09 01:22:14.732 | 2025-12-08T19:52:14.622Z  INFO 1 --- [securityService] [           main] o.s.b.w.embedded.tomcat.TomcatWebServer  : Tomcat initialized with port 9898 (http)
2025-12-09 01:22:14.898 | 2025-12-08T19:52:14.897Z  INFO 1 --- [securityService] [           main] o.apache.catalina.core.StandardService   : Starting service [Tomcat]
2025-12-09 01:22:14.903 | 2025-12-08T19:52:14.898Z  INFO 1 --- [securityService] [           main] o.apache.catalina.core.StandardEngine    : Starting Servlet engine: [Apache Tomcat/10.1.49]
2025-12-09 01:22:15.120 | 2025-12-08T19:52:15.119Z  INFO 1 --- [securityService] [           main] o.a.c.c.C.[Tomcat].[localhost].[/]       : Initializing Spring embedded WebApplicationContext
2025-12-09 01:22:15.127 | 2025-12-08T19:52:15.127Z  INFO 1 --- [securityService] [           main] w.s.c.ServletWebServerApplicationContext : Root WebApplicationContext: initialization completed in 15621 ms
2025-12-09 01:22:16.793 | 2025-12-08T19:52:16.788Z  INFO 1 --- [securityService] [           main] org.mongodb.driver.client                : MongoClient with metadata {"driver": {"name": "mongo-java-driver|sync|spring-boot", "version": "5.5.2"}, "os": {"type": "Linux", "name": "Linux", "architecture": "aarch64", "version": "6.12.54-linuxkit"}, "platform": "Java/Amazon.com Inc./17.0.17+10-LTS", "env": {"container": {"runtime": "docker"}}} created with settings MongoClientSettings{readPreference=primary, writeConcern=WriteConcern{w=null, wTimeout=null ms, journal=null}, retryWrites=true, retryReads=true, readConcern=ReadConcern{level=null}, credential=null, transportSettings=null, commandListeners=[], codecRegistry=ProvidersCodecRegistry{codecProviders=[ValueCodecProvider{}, BsonValueCodecProvider{}, DBRefCodecProvider{}, DBObjectCodecProvider{}, DocumentCodecProvider{}, CollectionCodecProvider{}, IterableCodecProvider{}, MapCodecProvider{}, GeoJsonCodecProvider{}, GridFSFileCodecProvider{}, Jsr310CodecProvider{}, JsonObjectCodecProvider{}, BsonCodecProvider{}, EnumCodecProvider{}, com.mongodb.client.model.mql.ExpressionCodecProvider@1b24ea2a, com.mongodb.Jep395RecordCodecProvider@5df6163a, com.mongodb.KotlinCodecProvider@2d313c8c]}, loggerSettings=LoggerSettings{maxDocumentLength=1000}, clusterSettings={hosts=[mongo:27017], srvServiceName=mongodb, mode=SINGLE, requiredClusterType=UNKNOWN, requiredReplicaSetName='null', serverSelector='null', clusterListeners='[]', serverSelectionTimeout='30000 ms', localThreshold='15 ms'}, socketSettings=SocketSettings{connectTimeoutMS=10000, readTimeoutMS=0, receiveBufferSize=0, proxySettings=ProxySettings{host=null, port=null, username=null, password=null}}, heartbeatSocketSettings=SocketSettings{connectTimeoutMS=10000, readTimeoutMS=10000, receiveBufferSize=0, proxySettings=ProxySettings{host=null, port=null, username=null, password=null}}, connectionPoolSettings=ConnectionPoolSettings{maxSize=100, minSize=0, maxWaitTimeMS=120000, maxConnectionLifeTimeMS=0, maxConnectionIdleTimeMS=0, maintenanceInitialDelayMS=0, maintenanceFrequencyMS=60000, connectionPoolListeners=[], maxConnecting=2}, serverSettings=ServerSettings{heartbeatFrequencyMS=10000, minHeartbeatFrequencyMS=500, serverMonitoringMode=AUTO, serverListeners='[]', serverMonitorListeners='[]'}, sslSettings=SslSettings{enabled=false, invalidHostNameAllowed=false, context=null}, applicationName='null', compressorList=[], uuidRepresentation=JAVA_LEGACY, serverApi=null, autoEncryptionSettings=null, dnsClient=null, inetAddressResolver=null, contextProvider=null, timeoutMS=null}
2025-12-09 01:22:16.972 | 2025-12-08T19:52:16.972Z  INFO 1 --- [securityService] [l'}-mongo:27017] org.mongodb.driver.cluster               : Monitor thread successfully connected to server with description ServerDescription{address=mongo:27017, type=STANDALONE, cryptd=false, state=CONNECTED, ok=true, minWireVersion=0, maxWireVersion=27, maxDocumentSize=16777216, logicalSessionTimeoutMinutes=30, roundTripTimeNanos=193975250, minRoundTripTimeNanos=0}
2025-12-09 01:22:19.071 | 2025-12-08T19:52:19.063Z  INFO 1 --- [securityService] [           main] eAuthenticationProviderManagerConfigurer : Global AuthenticationManager configured with AuthenticationProvider bean with name authenticationProvider
2025-12-09 01:22:19.078 | 2025-12-08T19:52:19.072Z  WARN 1 --- [securityService] [           main] r$InitializeUserDetailsManagerConfigurer : Global AuthenticationManager configured with an AuthenticationProvider bean. UserDetailsService beans will not be used by Spring Security for automatically configuring username/password login. Consider removing the AuthenticationProvider bean. Alternatively, consider using the UserDetailsService in a manually instantiated DaoAuthenticationProvider. If the current configuration is intentional, to turn off this warning, increase the logging level of 'org.springframework.security.config.annotation.authentication.configuration.InitializeUserDetailsBeanManagerConfigurer' to ERROR
2025-12-09 01:22:22.063 | 2025-12-08T19:52:22.061Z  INFO 1 --- [securityService] [           main] DiscoveryClientOptionalArgsConfiguration : Eureka HTTP Client uses RestTemplate.
2025-12-09 01:22:22.206 | 2025-12-08T19:52:22.206Z  WARN 1 --- [securityService] [           main] iguration$LoadBalancerCaffeineWarnLogger : Spring Cloud LoadBalancer is currently working with the default cache. While this cache implementation is useful for development and tests, it's recommended to use Caffeine cache in production.You can switch to using Caffeine cache, by adding it and org.springframework.cache.caffeine.CaffeineCacheManager to the classpath.
2025-12-09 01:22:22.292 | 2025-12-08T19:52:22.289Z  INFO 1 --- [securityService] [           main] o.s.c.n.eureka.InstanceInfoFactory       : Setting initial instance status as: STARTING
2025-12-09 01:22:22.414 | 2025-12-08T19:52:22.407Z  INFO 1 --- [securityService] [           main] com.netflix.discovery.DiscoveryClient    : Initializing Eureka in region us-east-1
2025-12-09 01:22:22.427 | 2025-12-08T19:52:22.425Z  INFO 1 --- [securityService] [           main] c.n.d.s.r.aws.ConfigClusterResolver      : Resolving eureka endpoints via configuration
2025-12-09 01:22:22.491 | 2025-12-08T19:52:22.491Z  INFO 1 --- [securityService] [           main] com.netflix.discovery.DiscoveryClient    : Disable delta property : false
2025-12-09 01:22:22.494 | 2025-12-08T19:52:22.491Z  INFO 1 --- [securityService] [           main] com.netflix.discovery.DiscoveryClient    : Single vip registry refresh property : null
2025-12-09 01:22:22.495 | 2025-12-08T19:52:22.493Z  INFO 1 --- [securityService] [           main] com.netflix.discovery.DiscoveryClient    : Force full registry fetch : false
2025-12-09 01:22:22.496 | 2025-12-08T19:52:22.495Z  INFO 1 --- [securityService] [           main] com.netflix.discovery.DiscoveryClient    : Application is null : false
2025-12-09 01:22:22.497 | 2025-12-08T19:52:22.496Z  INFO 1 --- [securityService] [           main] com.netflix.discovery.DiscoveryClient    : Registered Applications size is zero : true
2025-12-09 01:22:22.499 | 2025-12-08T19:52:22.498Z  INFO 1 --- [securityService] [           main] com.netflix.discovery.DiscoveryClient    : Application version is -1: true
2025-12-09 01:22:22.500 | 2025-12-08T19:52:22.499Z  INFO 1 --- [securityService] [           main] com.netflix.discovery.DiscoveryClient    : Getting all instance registry info from the eureka server
2025-12-09 01:22:24.883 | 2025-12-08T19:52:24.876Z  INFO 1 --- [securityService] [           main] com.netflix.discovery.DiscoveryClient    : The response status is 200
2025-12-09 01:22:24.892 | 2025-12-08T19:52:24.892Z  INFO 1 --- [securityService] [           main] com.netflix.discovery.DiscoveryClient    : Starting heartbeat executor: renew interval is: 30
2025-12-09 01:22:24.903 | 2025-12-08T19:52:24.903Z  INFO 1 --- [securityService] [           main] c.n.discovery.InstanceInfoReplicator     : InstanceInfoReplicator onDemand update allowed rate per min is 4
2025-12-09 01:22:24.912 | 2025-12-08T19:52:24.911Z  INFO 1 --- [securityService] [           main] com.netflix.discovery.DiscoveryClient    : Discovery Client initialized at timestamp 1765223544907 with initial instances count: 0
2025-12-09 01:22:24.933 | 2025-12-08T19:52:24.932Z  INFO 1 --- [securityService] [           main] o.s.c.n.e.s.EurekaServiceRegistry        : Registering application SECURITYSERVICE with eureka with status UP
2025-12-09 01:22:24.936 | 2025-12-08T19:52:24.935Z  INFO 1 --- [securityService] [           main] com.netflix.discovery.DiscoveryClient    : Saw local status change event StatusChangeEvent [timestamp=1765223544935, current=UP, previous=STARTING]
2025-12-09 01:22:24.943 | 2025-12-08T19:52:24.942Z  INFO 1 --- [securityService] [foReplicator-%d] com.netflix.discovery.DiscoveryClient    : DiscoveryClient_SECURITYSERVICE/32fd53fc824d:securityService:9898: registering service...
2025-12-09 01:22:25.102 | 2025-12-08T19:52:25.101Z  INFO 1 --- [securityService] [           main] o.s.b.w.embedded.tomcat.TomcatWebServer  : Tomcat started on port 9898 (http) with context path '/'
2025-12-09 01:22:25.120 | 2025-12-08T19:52:25.119Z  INFO 1 --- [securityService] [           main] .s.c.n.e.s.EurekaAutoServiceRegistration : Updating port to 9898
2025-12-09 01:22:25.267 | 2025-12-08T19:52:25.267Z  INFO 1 --- [securityService] [           main] c.flightApp.SecurityServiceApplication   : Started SecurityServiceApplication in 29.292 seconds (process running for 31.528)
2025-12-09 01:22:25.373 | 2025-12-08T19:52:25.372Z  INFO 1 --- [securityService] [foReplicator-%d] com.netflix.discovery.DiscoveryClient    : DiscoveryClient_SECURITYSERVICE/32fd53fc824d:securityService:9898 - registration status: 204
2025-12-09 01:22:54.904 | 2025-12-08T19:52:54.891Z  INFO 1 --- [securityService] [reshExecutor-%d] com.netflix.discovery.DiscoveryClient    : Disable delta property : false
2025-12-09 01:22:54.904 | 2025-12-08T19:52:54.903Z  INFO 1 --- [securityService] [reshExecutor-%d] com.netflix.discovery.DiscoveryClient    : Single vip registry refresh property : null
2025-12-09 01:22:54.904 | 2025-12-08T19:52:54.904Z  INFO 1 --- [securityService] [reshExecutor-%d] com.netflix.discovery.DiscoveryClient    : Force full registry fetch : false
2025-12-09 01:22:54.904 | 2025-12-08T19:52:54.904Z  INFO 1 --- [securityService] [reshExecutor-%d] com.netflix.discovery.DiscoveryClient    : Application is null : false
2025-12-09 01:22:54.904 | 2025-12-08T19:52:54.904Z  INFO 1 --- [securityService] [reshExecutor-%d] com.netflix.discovery.DiscoveryClient    : Registered Applications size is zero : true
2025-12-09 01:22:54.904 | 2025-12-08T19:52:54.904Z  INFO 1 --- [securityService] [reshExecutor-%d] com.netflix.discovery.DiscoveryClient    : Application version is -1: false
2025-12-09 01:22:54.904 | 2025-12-08T19:52:54.904Z  INFO 1 --- [securityService] [reshExecutor-%d] com.netflix.discovery.DiscoveryClient    : Getting all instance registry info from the eureka server
2025-12-09 01:22:55.014 | 2025-12-08T19:52:55.013Z  INFO 1 --- [securityService] [reshExecutor-%d] com.netflix.discovery.DiscoveryClient    : The response status is 200
2025-12-09 01:23:40.956 | 2025-12-08T19:53:40.954Z  INFO 1 --- [securityService] [nio-9898-exec-1] o.a.c.c.C.[Tomcat].[localhost].[/]       : Initializing Spring DispatcherServlet 'dispatcherServlet'
2025-12-09 01:23:40.956 | 2025-12-08T19:53:40.956Z  INFO 1 --- [securityService] [nio-9898-exec-1] o.s.web.servlet.DispatcherServlet        : Initializing Servlet 'dispatcherServlet'
2025-12-09 01:23:40.984 | 2025-12-08T19:53:40.984Z  INFO 1 --- [securityService] [nio-9898-exec-1] o.s.web.servlet.DispatcherServlet        : Completed initialization in 28 ms
2025-12-09 01:27:22.692 | 2025-12-08T19:57:22.533Z  INFO 1 --- [securityService] [rap-executor-%d] c.n.d.s.r.aws.ConfigClusterResolver      : Resolving eureka endpoints via configuration
2025-12-09 01:32:22.789 | 2025-12-08T20:02:22.760Z  INFO 1 --- [securityService] [rap-executor-%d] c.n.d.s.r.aws.ConfigClusterResolver      : Resolving eureka endpoints via configuration
2025-12-09 01:37:22.814 | 2025-12-08T20:07:22.798Z  INFO 1 --- [securityService] [rap-executor-%d] c.n.d.s.r.aws.ConfigClusterResolver      : Resolving eureka endpoints via configuration
2025-12-09 01:42:22.840 | 2025-12-08T20:12:22.812Z  INFO 1 --- [securityService] [rap-executor-%d] c.n.d.s.r.aws.ConfigClusterResolver      : Resolving eureka endpoints via configuration
2025-12-09 01:47:22.869 | 2025-12-08T20:17:22.846Z  INFO 1 --- [securityService] [rap-executor-%d] c.n.d.s.r.aws.ConfigClusterResolver      : Resolving eureka endpoints via configuration